<?xml version="1.0" encoding="UTF-8"?>
<!-- Generated by org.testng.reporters.JUnitXMLReporter -->
<testsuite hostname="VATLODCD00030" ignored="0" name="Default test" tests="8" failures="0" timestamp="05 Jul 2018 11:44:54 GMT" time="0.105" errors="0">
  <testcase name="duplicateLead" time="0.011" classname="allLeads.DuplicateLead"/>
  <testcase name="duplicateLead" time="0.003" classname="allLeads.DuplicateLead"/>
  <testcase name="duplicateLead" time="0.022" classname="allLeads.DuplicateLead"/>
  <testcase name="duplicateLead" time="0.023" classname="allLeads.DuplicateLead"/>
  <testcase name="sampleMethod" time="0.005" classname="allLeads.DuplicateLead"/>
  <testcase name="sampleMethod" time="0.011" classname="allLeads.DuplicateLead"/>
  <testcase name="sampleMethod" time="0.015" classname="allLeads.DuplicateLead"/>
  <testcase name="sampleMethod" time="0.004" classname="allLeads.DuplicateLead"/>
</testsuite> <!-- Default test -->
