<?xml version="1.0" encoding="UTF-8"?>
<!-- Generated by org.testng.reporters.JUnitXMLReporter -->
<testsuite hostname="GaneshbabuTS-PC" ignored="0" name="Test" tests="3" failures="0" timestamp="05 May 2018 17:59:43 GMT" time="82.874" errors="0">
  <testcase name="createLead" time="18.606" classname="allLeads.CreateLeadNew"/>
  <testcase name="createLead" time="20.068" classname="allLeads.CreateLeadNew"/>
  <testcase name="editLead" time="14.493" classname="allLeads.EditLeadNew"/>
</testsuite> <!-- Test -->
