<?xml version="1.0" encoding="UTF-8"?>
<!-- Generated by org.testng.reporters.JUnitXMLReporter -->
<testsuite hostname="VATLODCD00030" ignored="5" name="Test" tests="2" failures="0" timestamp="06 Jul 2018 08:00:16 GMT" time="0.062" errors="0">
  <testcase name="deleteLead" time="0.016" classname="allLeads.DeleteLead"/>
  <testcase name="duplicateLead" time="0.015" classname="allLeads.DuplicateLead"/>
  <testcase name="@BeforeSuite beforeSuit" time="0.0" classname="allLeads.ProjectMethods">
    <ignored/>
  </testcase> <!-- @BeforeSuite beforeSuit -->
  <testcase name="@BeforeTest beforeTest" time="0.0" classname="allLeads.ProjectMethods">
    <ignored/>
  </testcase> <!-- @BeforeTest beforeTest -->
  <testcase name="@AfterSuite afterSuit" time="0.0" classname="allLeads.ProjectMethods">
    <ignored/>
  </testcase> <!-- @AfterSuite afterSuit -->
  <testcase name="sampleMethod" time="0.0" classname="allLeads.DeleteLead">
    <ignored/>
  </testcase> <!-- sampleMethod -->
  <testcase name="@AfterTest afterTest" time="0.0" classname="allLeads.ProjectMethods">
    <ignored/>
  </testcase> <!-- @AfterTest afterTest -->
</testsuite> <!-- Test -->
