<?xml version="1.0" encoding="UTF-8"?>
<!-- Generated by org.testng.reporters.JUnitXMLReporter -->
<testsuite hostname="VATLODCD00030" ignored="4" name="Test1" tests="4" failures="0" timestamp="05 Jul 2018 12:42:26 GMT" time="0.028" errors="0">
  <testcase name="mergeLead" time="0.009" classname="allLeads.MergeLead"/>
  <testcase name="sampleMethod" time="0.001" classname="allLeads.MergeLead"/>
  <testcase name="createLead" time="0.001" classname="allLeads.Createlead"/>
  <testcase name="sampleMethod" time="0.001" classname="allLeads.Createlead"/>
  <testcase name="@BeforeSuite beforeSuit" time="0.0" classname="allLeads.ProjectMethods">
    <ignored/>
  </testcase> <!-- @BeforeSuite beforeSuit -->
  <testcase name="@BeforeTest beforeTest" time="0.0" classname="allLeads.ProjectMethods">
    <ignored/>
  </testcase> <!-- @BeforeTest beforeTest -->
  <testcase name="@AfterSuite afterSuit" time="0.0" classname="allLeads.ProjectMethods">
    <ignored/>
  </testcase> <!-- @AfterSuite afterSuit -->
  <testcase name="@AfterTest afterTest" time="0.0" classname="allLeads.ProjectMethods">
    <ignored/>
  </testcase> <!-- @AfterTest afterTest -->
</testsuite> <!-- Test1 -->
