<?xml version="1.0" encoding="UTF-8"?>
<testng-results skipped="0" failed="0" ignored="5" total="7" passed="2">
  <reporter-output>
  </reporter-output>
  <suite name="Suite" duration-ms="62" started-at="2018-07-05T13:42:02Z" finished-at="2018-07-05T13:42:02Z">
    <groups>
      <group name="DuplicateLead">
        <method signature="DuplicateLead.duplicateLead()[pri:0, instance:allLeads.DuplicateLead@5abca1e0]" name="duplicateLead" class="allLeads.DuplicateLead"/>
      </group> <!-- DuplicateLead -->
    </groups>
    <test name="Test" duration-ms="62" started-at="2018-07-05T13:42:02Z" finished-at="2018-07-05T13:42:02Z">
      <class name="allLeads.DuplicateLead">
        <test-method status="PASS" signature="beforeClass()[pri:0, instance:allLeads.DuplicateLead@5abca1e0]" name="beforeClass" is-config="true" duration-ms="0" started-at="2018-07-05T13:42:02Z" finished-at="2018-07-05T13:42:02Z">
          <reporter-output>
          </reporter-output>
        </test-method> <!-- beforeClass -->
        <test-method status="PASS" signature="login()[pri:0, instance:allLeads.DuplicateLead@5abca1e0]" name="login" is-config="true" duration-ms="0" started-at="2018-07-05T13:42:02Z" finished-at="2018-07-05T13:42:02Z">
          <reporter-output>
          </reporter-output>
        </test-method> <!-- login -->
        <test-method status="PASS" signature="duplicateLead()[pri:0, instance:allLeads.DuplicateLead@5abca1e0]" name="duplicateLead" duration-ms="16" started-at="2018-07-05T13:42:02Z" finished-at="2018-07-05T13:42:02Z">
          <reporter-output>
          </reporter-output>
        </test-method> <!-- duplicateLead -->
        <test-method status="PASS" signature="afterClass()[pri:0, instance:allLeads.DuplicateLead@5abca1e0]" name="afterClass" is-config="true" duration-ms="0" started-at="2018-07-05T13:42:02Z" finished-at="2018-07-05T13:42:02Z">
          <reporter-output>
          </reporter-output>
        </test-method> <!-- afterClass -->
        <test-method status="PASS" signature="close()[pri:0, instance:allLeads.DuplicateLead@5abca1e0]" name="close" is-config="true" duration-ms="0" started-at="2018-07-05T13:42:02Z" finished-at="2018-07-05T13:42:02Z">
          <reporter-output>
          </reporter-output>
        </test-method> <!-- close -->
      </class> <!-- allLeads.DuplicateLead -->
      <class name="allLeads.DeleteLead">
        <test-method status="PASS" signature="beforeSuit()[pri:0, instance:allLeads.DeleteLead@3632be31]" name="beforeSuit" is-config="true" duration-ms="16" started-at="2018-07-05T13:42:02Z" finished-at="2018-07-05T13:42:02Z">
          <reporter-output>
          </reporter-output>
        </test-method> <!-- beforeSuit -->
        <test-method status="PASS" signature="beforeTest()[pri:0, instance:allLeads.DeleteLead@3632be31]" name="beforeTest" is-config="true" duration-ms="0" started-at="2018-07-05T13:42:02Z" finished-at="2018-07-05T13:42:02Z">
          <reporter-output>
          </reporter-output>
        </test-method> <!-- beforeTest -->
        <test-method status="PASS" signature="beforeClass()[pri:0, instance:allLeads.DeleteLead@3632be31]" name="beforeClass" is-config="true" duration-ms="0" started-at="2018-07-05T13:42:02Z" finished-at="2018-07-05T13:42:02Z">
          <reporter-output>
          </reporter-output>
        </test-method> <!-- beforeClass -->
        <test-method status="PASS" signature="login()[pri:0, instance:allLeads.DeleteLead@3632be31]" name="login" is-config="true" duration-ms="0" started-at="2018-07-05T13:42:02Z" finished-at="2018-07-05T13:42:02Z">
          <reporter-output>
          </reporter-output>
        </test-method> <!-- login -->
        <test-method status="PASS" signature="deleteLead()[pri:0, instance:allLeads.DeleteLead@3632be31]" name="deleteLead" duration-ms="16" started-at="2018-07-05T13:42:02Z" finished-at="2018-07-05T13:42:02Z">
          <reporter-output>
          </reporter-output>
        </test-method> <!-- deleteLead -->
        <test-method status="PASS" signature="close()[pri:0, instance:allLeads.DeleteLead@3632be31]" name="close" is-config="true" duration-ms="0" started-at="2018-07-05T13:42:02Z" finished-at="2018-07-05T13:42:02Z">
          <reporter-output>
          </reporter-output>
        </test-method> <!-- close -->
        <test-method status="PASS" signature="afterClass()[pri:0, instance:allLeads.DeleteLead@3632be31]" name="afterClass" is-config="true" duration-ms="0" started-at="2018-07-05T13:42:02Z" finished-at="2018-07-05T13:42:02Z">
          <reporter-output>
          </reporter-output>
        </test-method> <!-- afterClass -->
        <test-method status="PASS" signature="afterTest()[pri:0, instance:allLeads.DeleteLead@3632be31]" name="afterTest" is-config="true" duration-ms="0" started-at="2018-07-05T13:42:02Z" finished-at="2018-07-05T13:42:02Z">
          <reporter-output>
          </reporter-output>
        </test-method> <!-- afterTest -->
        <test-method status="PASS" signature="afterSuit()[pri:0, instance:allLeads.DeleteLead@3632be31]" name="afterSuit" is-config="true" duration-ms="0" started-at="2018-07-05T13:42:02Z" finished-at="2018-07-05T13:42:02Z">
          <reporter-output>
          </reporter-output>
        </test-method> <!-- afterSuit -->
      </class> <!-- allLeads.DeleteLead -->
    </test> <!-- Test -->
  </suite> <!-- Suite -->
</testng-results>
